<?xml version="1.0" encoding="UTF-8"?>
<testsuite xmlns:xsi="http://www.w3.org/2001/XMLSchema-instance" xsi:schemaLocation="https://maven.apache.org/surefire/maven-surefire-plugin/xsd/surefire-test-report.xsd" name="TestSuite" time="2.171" tests="15" errors="0" skipped="14" failures="1">
  <properties>
    <property name="java.runtime.name" value="Java(TM) SE Runtime Environment"/>
    <property name="sun.boot.library.path" value="C:\Program Files\Java\jdk1.8.0.25\jre\bin"/>
    <property name="java.vm.version" value="25.25-b02"/>
    <property name="java.vm.vendor" value="Oracle Corporation"/>
    <property name="java.vendor.url" value="http://java.oracle.com/"/>
    <property name="path.separator" value=";"/>
    <property name="guice.disable.misplaced.annotation.check" value="true"/>
    <property name="java.vm.name" value="Java HotSpot(TM) 64-Bit Server VM"/>
    <property name="file.encoding.pkg" value="sun.io"/>
    <property name="user.script" value=""/>
    <property name="user.country" value="US"/>
    <property name="sun.java.launcher" value="SUN_STANDARD"/>
    <property name="sun.os.patch.level" value=""/>
    <property name="java.vm.specification.name" value="Java Virtual Machine Specification"/>
    <property name="user.dir" value="C:\Users\NEERAJ\workspace\Qardio"/>
    <property name="java.runtime.version" value="1.8.0_25-b18"/>
    <property name="java.awt.graphicsenv" value="sun.awt.Win32GraphicsEnvironment"/>
    <property name="java.endorsed.dirs" value="C:\Program Files\Java\jdk1.8.0.25\jre\lib\endorsed"/>
    <property name="os.arch" value="amd64"/>
    <property name="java.io.tmpdir" value="C:\Users\NEERAJ\AppData\Local\Temp\"/>
    <property name="line.separator" value="&#10;"/>
    <property name="java.vm.specification.vendor" value="Oracle Corporation"/>
    <property name="user.variant" value=""/>
    <property name="os.name" value="Windows 8.1"/>
    <property name="classworlds.conf" value="C:\Users\NEERAJ\workspace\.metadata\.plugins\org.eclipse.m2e.launching\launches\m2conf5322189233224472404.tmp"/>
    <property name="sun.jnu.encoding" value="Cp1252"/>
    <property name="java.library.path" value="C:\Program Files\Java\jdk1.8.0.25\bin;C:\Windows\Sun\Java\bin;C:\Windows\system32;C:\Windows;C:/Program Files/Java/jre1.8.0_211/bin/server;C:/Program Files/Java/jre1.8.0_211/bin;C:/Program Files/Java/jre1.8.0_211/lib/amd64;C:\Program Files (x86)\Common Files\Oracle\Java\javapath;C:\Perl\site\bin;C:\Perl\bin;C:\Program Files\Java\jre7\bin;C:\Windows\system32;C:\Windows;C:\Windows\System32\Wbem;C:\Windows\System32\WindowsPowerShell\v1.0\;C:\Program Files\Apache\apache-maven-3.5.0\bin;C:\Program Files\Java\jdk1.8.0_211\bin;C:\Users\NEERAJ\Desktop\adt-bundle-windows-x86_64-20140321\sdk\tools;C:\Users\NEERAJ\Desktop\adt-bundle-windows-x86_64-20140321\sdk\platform-tools;C:\Program Files\Git\cmd;C:\Program Files\TortoiseGit\bin;E:\python.exe;C:\Program Files\Microsoft\Web Platform Installer\;C:\Program Files\Microsoft SQL Server\Client SDK\ODBC\110\Tools\Binn\;C:\Program Files (x86)\Microsoft SQL Server\120\Tools\Binn\;C:\Program Files\Microsoft SQL Server\120\Tools\Binn\;C:\Program Files\Microsoft SQL Server\120\DTS\Binn\;C:\Program Files (x86)\Microsoft SQL Server\110\Tools\Binn\;C:\Program Files\Microsoft SQL Server\110\Tools\Binn\;C:\Program Files\Microsoft SQL Server\110\DTS\Binn\;C:\Program Files\Redis;C;C:\Program Files\nodejs\;C:\Users\NEERAJ\Downloads\allure-2.12.1\bin;C:\Users\NEERAJ\Downloads\zookeeper-3.4.8\bin;C:\Users\NEERAJ\Downloads\kafka_2.11-0.11.0.2\bin\windows;C:\Program Files\Docker Toolbox;C:\Program Files\Boot2Docker for Windows;C:\Program Files\Docker Toolbox;C:\Users\NEERAJ\AppData\Roaming\npm;C:\Users\NEERAJ\Desktop\adt-bundle-windows-x86_64-20140321\eclipse;;."/>
    <property name="java.specification.name" value="Java Platform API Specification"/>
    <property name="java.class.version" value="52.0"/>
    <property name="sun.management.compiler" value="HotSpot 64-Bit Tiered Compilers"/>
    <property name="os.version" value="6.3"/>
    <property name="user.home" value="C:\Users\NEERAJ"/>
    <property name="user.timezone" value="Asia/Singapore"/>
    <property name="java.awt.printerjob" value="sun.awt.windows.WPrinterJob"/>
    <property name="java.specification.version" value="1.8"/>
    <property name="file.encoding" value="Cp1252"/>
    <property name="user.name" value="NEERAJ"/>
    <property name="java.class.path" value="/C:/Users/NEERAJ/Desktop/adt-bundle-windows-x86_64-20140321/eclipse/configuration/org.eclipse.osgi/bundles/413/1/.cp/jars/plexus-classworlds-2.4.jar"/>
    <property name="java.vm.specification.version" value="1.8"/>
    <property name="sun.arch.data.model" value="64"/>
    <property name="java.home" value="C:\Program Files\Java\jdk1.8.0.25\jre"/>
    <property name="sun.java.command" value="org.codehaus.plexus.classworlds.launcher.Launcher -B clean install test"/>
    <property name="java.specification.vendor" value="Oracle Corporation"/>
    <property name="user.language" value="en"/>
    <property name="awt.toolkit" value="sun.awt.windows.WToolkit"/>
    <property name="java.vm.info" value="mixed mode"/>
    <property name="java.version" value="1.8.0_25"/>
    <property name="java.ext.dirs" value="C:\Program Files\Java\jdk1.8.0.25\jre\lib\ext;C:\Windows\Sun\Java\lib\ext"/>
    <property name="sun.boot.class.path" value="C:\Program Files\Java\jdk1.8.0.25\jre\lib\resources.jar;C:\Program Files\Java\jdk1.8.0.25\jre\lib\rt.jar;C:\Program Files\Java\jdk1.8.0.25\jre\lib\sunrsasign.jar;C:\Program Files\Java\jdk1.8.0.25\jre\lib\jsse.jar;C:\Program Files\Java\jdk1.8.0.25\jre\lib\jce.jar;C:\Program Files\Java\jdk1.8.0.25\jre\lib\charsets.jar;C:\Program Files\Java\jdk1.8.0.25\jre\lib\jfr.jar;C:\Program Files\Java\jdk1.8.0.25\jre\classes"/>
    <property name="java.vendor" value="Oracle Corporation"/>
    <property name="maven.home" value="C:\Users\NEERAJ\workspace\Qardio\EMBEDDED"/>
    <property name="file.separator" value="\"/>
    <property name="java.vendor.url.bug" value="http://bugreport.sun.com/bugreport/"/>
    <property name="maven.bootclasspath" value="/C:/Users/NEERAJ/Desktop/adt-bundle-windows-x86_64-20140321/eclipse/configuration/org.eclipse.osgi/bundles/413/1/.cp/jars/plexus-classworlds-2.4.jar"/>
    <property name="sun.cpu.endian" value="little"/>
    <property name="sun.io.unicode.encoding" value="UnicodeLittle"/>
    <property name="sun.desktop" value="windows"/>
    <property name="sun.cpu.isalist" value="amd64"/>
  </properties>
  <testcase name="setup" classname="com.imdb.tests.ImdbTests" time="1.727">
    <failure message="The driver executable does not exist: C:\Users\NEERAJ\workspace\Qardio\.\src\test\java\resources\chromedriver.exe" type="java.lang.IllegalStateException">java.lang.IllegalStateException: The driver executable does not exist: C:\Users\NEERAJ\workspace\Qardio\.\src\test\java\resources\chromedriver.exe
</failure>
  </testcase>
  <testcase name="setup" classname="com.imdb.tests.ImdbTests" time="0">
    <skipped/>
  </testcase>
  <testcase name="setup" classname="com.imdb.tests.ImdbTests" time="0">
    <skipped/>
  </testcase>
  <testcase name="setup" classname="com.imdb.tests.ImdbTests" time="0">
    <skipped/>
  </testcase>
  <testcase name="setup" classname="com.imdb.tests.ImdbTests" time="0">
    <skipped/>
  </testcase>
  <testcase name="createAccountPositiveTestCase" classname="com.imdb.tests.ImdbTests" time="0">
    <skipped/>
  </testcase>
  <testcase name="teardown" classname="com.imdb.tests.ImdbTests" time="0">
    <skipped/>
  </testcase>
  <testcase name="teardown" classname="com.imdb.tests.ImdbTests" time="0">
    <skipped/>
  </testcase>
  <testcase name="teardown" classname="com.imdb.tests.ImdbTests" time="0">
    <skipped/>
  </testcase>
  <testcase name="teardown" classname="com.imdb.tests.ImdbTests" time="0">
    <skipped/>
  </testcase>
  <testcase name="teardown" classname="com.imdb.tests.ImdbTests" time="0">
    <skipped/>
  </testcase>
  <testcase name="createAccountPasswordMisMatch" classname="com.imdb.tests.ImdbTests" time="0">
    <skipped/>
  </testcase>
  <testcase name="createAccountInvalidEmailAddress" classname="com.imdb.tests.ImdbTests" time="0">
    <skipped/>
  </testcase>
  <testcase name="createAccountWithoutMandatoryFields" classname="com.imdb.tests.ImdbTests" time="0">
    <skipped/>
  </testcase>
  <testcase name="validateHyperLinksOnCreateAccountPage" classname="com.imdb.tests.ImdbTests" time="0">
    <skipped/>
  </testcase>
</testsuite>