<?xml version="1.0" encoding="UTF-8"?>
<testsuite xmlns:xsi="http://www.w3.org/2001/XMLSchema-instance" xsi:schemaLocation="https://maven.apache.org/surefire/maven-surefire-plugin/xsd/surefire-test-report.xsd" name="TestSuite" time="2.171" tests="15" errors="0" skipped="14" failures="1">
  <properties>
[...]
</properties>
  <testcase name="setup" classname="com.imdb.tests.ImdbTests" time="1.727">
    <failure message="The driver executable does not exist: C:\Users\NEERAJ\workspace\Qardio\.\src\test\java\resources\chromedriver.exe" type="java.lang.IllegalStateException">java.lang.IllegalStateException: The driver executable does not exist: C:\Users\NEERAJ\workspace\Qardio\.\src\test\java\resources\chromedriver.exe
</failure>
  </testcase>
  <testcase name="setup" classname="com.imdb.tests.ImdbTests" time="0">
    <skipped/>
  </testcase>
  <testcase name="setup" classname="com.imdb.tests.ImdbTests" time="0">
    <skipped/>
  </testcase>
  <testcase name="setup" classname="com.imdb.tests.ImdbTests" time="0">
    <skipped/>
  </testcase>
  <testcase name="setup" classname="com.imdb.tests.ImdbTests" time="0">
    <skipped/>
  </testcase>
  <testcase name="createAccountPositiveTestCase" classname="com.imdb.tests.ImdbTests" time="0">
    <skipped/>
  </testcase>
  <testcase name="teardown" classname="com.imdb.tests.ImdbTests" time="0">
    <skipped/>
  </testcase>
  <testcase name="teardown" classname="com.imdb.tests.ImdbTests" time="0">
    <skipped/>
  </testcase>
  <testcase name="teardown" classname="com.imdb.tests.ImdbTests" time="0">
    <skipped/>
  </testcase>
  <testcase name="teardown" classname="com.imdb.tests.ImdbTests" time="0">
    <skipped/>
  </testcase>
  <testcase name="teardown" classname="com.imdb.tests.ImdbTests" time="0">
    <skipped/>
  </testcase>
  <testcase name="createAccountPasswordMisMatch" classname="com.imdb.tests.ImdbTests" time="0">
    <skipped/>
  </testcase>
  <testcase name="createAccountInvalidEmailAddress" classname="com.imdb.tests.ImdbTests" time="0">
    <skipped/>
  </testcase>
  <testcase name="createAccountWithoutMandatoryFields" classname="com.imdb.tests.ImdbTests" time="0">
    <skipped/>
  </testcase>
  <testcase name="validateHyperLinksOnCreateAccountPage" classname="com.imdb.tests.ImdbTests" time="0">
    <skipped/>
  </testcase>
</testsuite>