<?xml version="1.0" encoding="UTF-8"?>
<testng-results skipped="0" failed="0" total="1" passed="1">
  <reporter-output>
  </reporter-output>
  <suite name="Default suite" duration-ms="49567" started-at="2019-06-07T18:06:45Z" finished-at="2019-06-07T18:07:35Z">
    <groups>
    </groups>
    <test name="Default test" duration-ms="49567" started-at="2019-06-07T18:06:45Z" finished-at="2019-06-07T18:07:35Z">
      <class name="com.imdb.tests.ImdbTests">
        <test-method status="PASS" signature="setup()[pri:0, instance:com.imdb.tests.ImdbTests@1a968a59]" name="setup" is-config="true" duration-ms="13691" started-at="2019-06-08T02:06:45Z" finished-at="2019-06-08T02:06:59Z">
          <reporter-output>
          </reporter-output>
        </test-method> <!-- setup -->
        <test-method status="PASS" signature="validateHyperLinksOnCreateAccountPage()[pri:0, instance:com.imdb.tests.ImdbTests@1a968a59]" name="validateHyperLinksOnCreateAccountPage" duration-ms="35831" started-at="2019-06-08T02:06:59Z" finished-at="2019-06-08T02:07:35Z">
          <reporter-output>
          </reporter-output>
        </test-method> <!-- validateHyperLinksOnCreateAccountPage -->
      </class> <!-- com.imdb.tests.ImdbTests -->
    </test> <!-- Default test -->
  </suite> <!-- Default suite -->
</testng-results>
