<?xml version="1.0" encoding="UTF-8"?>
<!-- Generated by org.testng.reporters.JUnitXMLReporter -->
<testsuite hostname="Neeraj" name="Device_MotoXplay" tests="1" failures="0" timestamp="24 Mar 2016 09:17:45 GMT" time="15.558" errors="0">
  <testcase name="@BeforeTest setupcap" time="0.0" classname="com.gurpreet.project.Tinder">
    <failure type="org.openqa.selenium.SessionNotCreatedException" message="A new session could not be created. (Original error: EPERM: operation not permitted, rename &amp;apos;C:\Users\NEERAJ\AppData\Local\Temp\116224-7876-1cqbdms\appium.tmp&amp;apos; -&amp;gt; &amp;apos;C:\Users\NEERAJ\workspace\project\com.tinder_4.5.5.apk&amp;apos;) (WARNING: The server did not provide any stacktrace information)
Command duration or timeout: 14.49 seconds
Build info: version: &amp;apos;2.47.2&amp;apos;, revision: &amp;apos;4d972c01cab1304452627f837654326a11eb92fe&amp;apos;, time: &amp;apos;2015-09-24 09:17:17&amp;apos;
System info: host: &amp;apos;Neeraj&amp;apos;, ip: &amp;apos;192.168.0.104&amp;apos;, os.name: &amp;apos;Windows 8.1&amp;apos;, os.arch: &amp;apos;amd64&amp;apos;, os.version: &amp;apos;6.3&amp;apos;, java.version: &amp;apos;1.8.0_25&amp;apos;
Driver info: io.appium.java_client.android.AndroidDriver">
      <![CDATA[org.openqa.selenium.SessionNotCreatedException: A new session could not be created. (Original error: EPERM: operation not permitted, rename 'C:\Users\NEERAJ\AppData\Local\Temp\116224-7876-1cqbdms\appium.tmp' -> 'C:\Users\NEERAJ\workspace\project\com.tinder_4.5.5.apk') (WARNING: The server did not provide any stacktrace information)
Command duration or timeout: 14.49 seconds
Build info: version: '2.47.2', revision: '4d972c01cab1304452627f837654326a11eb92fe', time: '2015-09-24 09:17:17'
System info: host: 'Neeraj', ip: '192.168.0.104', os.name: 'Windows 8.1', os.arch: 'amd64', os.version: '6.3', java.version: '1.8.0_25'
Driver info: io.appium.java_client.android.AndroidDriver
	at org.openqa.selenium.remote.ErrorHandler.createThrowable(ErrorHandler.java:206)
	at org.openqa.selenium.remote.ErrorHandler.throwIfResponseFailed(ErrorHandler.java:158)
	at org.openqa.selenium.remote.RemoteWebDriver.execute(RemoteWebDriver.java:595)
	at io.appium.java_client.DefaultGenericMobileDriver.execute(DefaultGenericMobileDriver.java:42)
	at io.appium.java_client.AppiumDriver.execute(AppiumDriver.java:1)
	at io.appium.java_client.android.AndroidDriver.execute(AndroidDriver.java:1)
	at org.openqa.selenium.remote.RemoteWebDriver.startSession(RemoteWebDriver.java:242)
	at org.openqa.selenium.remote.RemoteWebDriver.<init>(RemoteWebDriver.java:128)
	at org.openqa.selenium.remote.RemoteWebDriver.<init>(RemoteWebDriver.java:141)
	at io.appium.java_client.DefaultGenericMobileDriver.<init>(DefaultGenericMobileDriver.java:37)
	at io.appium.java_client.AppiumDriver.<init>(AppiumDriver.java:161)
	at io.appium.java_client.AppiumDriver.<init>(AppiumDriver.java:170)
	at io.appium.java_client.android.AndroidDriver.<init>(AndroidDriver.java:82)
	at com.gurpreet.project.Tinder.setupcap(Tinder.java:40)
	at java.util.concurrent.FutureTask.run(FutureTask.java:266)
	at java.util.concurrent.ThreadPoolExecutor.runWorker(ThreadPoolExecutor.java:1142)
	at java.util.concurrent.ThreadPoolExecutor$Worker.run(ThreadPoolExecutor.java:617)
	at java.lang.Thread.run(Thread.java:745)
... Removed 18 stack frames]]>
    </failure>
  </testcase> <!-- @BeforeTest setupcap -->
  <testcase name="testTinder" time="0.0" classname="com.gurpreet.project.Tinder">
    <skipped/>
  </testcase> <!-- testTinder -->
</testsuite> <!-- Device_MotoXplay -->
